# JRE version: OpenJDK Runtime Environment (8.0_202-b03) (build 1.8.0_202-release-1483-b03)
# Java VM: OpenJDK 64-Bit Server VM (25.202-b03 mixed mode windows-amd64 compressed oops)
Heap:
 PSYoungGen      total 305664K, used 273893K [0x00000000d5580000, 0x00000000ee200000, 0x0000000100000000)
  eden space 275968K, 88% used [0x00000000d5580000,0x00000000e43fb0b8,0x00000000e6300000)
  from space 29696K, 99% used [0x00000000e6300000,0x00000000e7ffe530,0x00000000e8000000)
  to   space 37376K, 0% used [0x00000000ebd80000,0x00000000ebd80000,0x00000000ee200000)
 ParOldGen       total 90112K, used 47764K [0x0000000080000000, 0x0000000085800000, 0x00000000d5580000)
  object space 90112K, 53% used [0x0000000080000000,0x0000000082ea53c0,0x0000000085800000)
 Metaspace       used 90548K, capacity 94124K, committed 94296K, reserved 1130496K
  class space    used 11670K, capacity 12411K, committed 12416K, reserved 1048576K
GC Heap History (10 events):
Event: 46.920 GC heap before
{Heap before GC invocations=14 (full 2):
 PSYoungGen      total 194048K, used 179041K [0x00000000d5580000, 0x00000000e5980000, 0x0000000100000000)
  eden space 180736K, 91% used [0x00000000d5580000,0x00000000df7600a0,0x00000000e0600000)
  from space 13312K, 99% used [0x00000000e0600000,0x00000000e12f8380,0x00000000e1300000)
  to   space 15872K, 0% used [0x00000000e4a00000,0x00000000e4a00000,0x00000000e5980000)
 ParOldGen       total 51712K, used 16708K [0x0000000080000000, 0x0000000083280000, 0x00000000d5580000)
  object space 51712K, 32% used [0x0000000080000000,0x00000000810512a0,0x0000000083280000)
 Metaspace       used 56821K, capacity 59008K, committed 59028K, reserved 1099776K
  class space    used 7679K, capacity 8173K, committed 8192K, reserved 1048576K
Event: 46.992 GC heap after
Heap after GC invocations=14 (full 2):
 PSYoungGen      total 243712K, used 15864K [0x00000000d5580000, 0x00000000e6200000, 0x0000000100000000)
  eden space 227840K, 0% used [0x00000000d5580000,0x00000000d5580000,0x00000000e3400000)
  from space 15872K, 99% used [0x00000000e4a00000,0x00000000e597e368,0x00000000e5980000)
  to   space 22528K, 0% used [0x00000000e3400000,0x00000000e3400000,0x00000000e4a00000)
 ParOldGen       total 51712K, used 28593K [0x0000000080000000, 0x0000000083280000, 0x00000000d5580000)
  object space 51712K, 55% used [0x0000000080000000,0x0000000081bec6f0,0x0000000083280000)
 Metaspace       used 56821K, capacity 59008K, committed 59028K, reserved 1099776K
  class space    used 7679K, capacity 8173K, committed 8192K, reserved 1048576K
}
Event: 46.992 GC heap before
{Heap before GC invocations=15 (full 3):
 PSYoungGen      total 243712K, used 15864K [0x00000000d5580000, 0x00000000e6200000, 0x0000000100000000)
  eden space 227840K, 0% used [0x00000000d5580000,0x00000000d5580000,0x00000000e3400000)
  from space 15872K, 99% used [0x00000000e4a00000,0x00000000e597e368,0x00000000e5980000)
  to   space 22528K, 0% used [0x00000000e3400000,0x00000000e3400000,0x00000000e4a00000)
 ParOldGen       total 51712K, used 28593K [0x0000000080000000, 0x0000000083280000, 0x00000000d5580000)
  object space 51712K, 55% used [0x0000000080000000,0x0000000081bec6f0,0x0000000083280000)
 Metaspace       used 56821K, capacity 59008K, committed 59028K, reserved 1099776K
  class space    used 7679K, capacity 8173K, committed 8192K, reserved 1048576K
Event: 47.502 GC heap after
Heap after GC invocations=15 (full 3):
 PSYoungGen      total 243712K, used 0K [0x00000000d5580000, 0x00000000e6200000, 0x0000000100000000)
  eden space 227840K, 0% used [0x00000000d5580000,0x00000000d5580000,0x00000000e3400000)
  from space 15872K, 0% used [0x00000000e4a00000,0x00000000e4a00000,0x00000000e5980000)
  to   space 22528K, 0% used [0x00000000e3400000,0x00000000e3400000,0x00000000e4a00000)
 ParOldGen       total 90112K, used 39959K [0x0000000080000000, 0x0000000085800000, 0x00000000d5580000)
  object space 90112K, 44% used [0x0000000080000000,0x0000000082705d48,0x0000000085800000)
 Metaspace       used 56814K, capacity 58984K, committed 59028K, reserved 1099776K
  class space    used 7677K, capacity 8169K, committed 8192K, reserved 1048576K
}
Event: 66.761 GC heap before
{Heap before GC invocations=16 (full 3):
 PSYoungGen      total 243712K, used 227739K [0x00000000d5580000, 0x00000000e6200000, 0x0000000100000000)
  eden space 227840K, 99% used [0x00000000d5580000,0x00000000e33e6f48,0x00000000e3400000)
  from space 15872K, 0% used [0x00000000e4a00000,0x00000000e4a00000,0x00000000e5980000)
  to   space 22528K, 0% used [0x00000000e3400000,0x00000000e3400000,0x00000000e4a00000)
 ParOldGen       total 90112K, used 39959K [0x0000000080000000, 0x0000000085800000, 0x00000000d5580000)
  object space 90112K, 44% used [0x0000000080000000,0x0000000082705d48,0x0000000085800000)
 Metaspace       used 67275K, capacity 70128K, committed 70360K, reserved 1110016K
  class space    used 9144K, capacity 9727K, committed 9728K, reserved 1048576K
Event: 66.831 GC heap after
Heap after GC invocations=16 (full 3):
 PSYoungGen      total 250368K, used 21077K [0x00000000d5580000, 0x00000000e9900000, 0x0000000100000000)
  eden space 227840K, 0% used [0x00000000d5580000,0x00000000d5580000,0x00000000e3400000)
  from space 22528K, 93% used [0x00000000e3400000,0x00000000e48957e8,0x00000000e4a00000)
  to   space 25600K, 0% used [0x00000000e8000000,0x00000000e8000000,0x00000000e9900000)
 ParOldGen       total 90112K, used 39967K [0x0000000080000000, 0x0000000085800000, 0x00000000d5580000)
  object space 90112K, 44% used [0x0000000080000000,0x0000000082707d48,0x0000000085800000)
 Metaspace       used 67275K, capacity 70128K, committed 70360K, reserved 1110016K
  class space    used 9144K, capacity 9727K, committed 9728K, reserved 1048576K
}
Event: 86.082 GC heap before
{Heap before GC invocations=17 (full 3):
 PSYoungGen      total 250368K, used 248917K [0x00000000d5580000, 0x00000000e9900000, 0x0000000100000000)
  eden space 227840K, 100% used [0x00000000d5580000,0x00000000e3400000,0x00000000e3400000)
  from space 22528K, 93% used [0x00000000e3400000,0x00000000e48957e8,0x00000000e4a00000)
  to   space 25600K, 0% used [0x00000000e8000000,0x00000000e8000000,0x00000000e9900000)
 ParOldGen       total 90112K, used 39967K [0x0000000080000000, 0x0000000085800000, 0x00000000d5580000)
  object space 90112K, 44% used [0x0000000080000000,0x0000000082707d48,0x0000000085800000)
 Metaspace       used 72190K, capacity 75296K, committed 75480K, reserved 1114112K
  class space    used 9776K, capacity 10413K, committed 10496K, reserved 1048576K
Event: 86.309 GC heap after
Heap after GC invocations=17 (full 3):
 PSYoungGen      total 301568K, used 24610K [0x00000000d5580000, 0x00000000ea000000, 0x0000000100000000)
  eden space 275968K, 0% used [0x00000000d5580000,0x00000000d5580000,0x00000000e6300000)
  from space 25600K, 96% used [0x00000000e8000000,0x00000000e9808ba0,0x00000000e9900000)
  to   space 29696K, 0% used [0x00000000e6300000,0x00000000e6300000,0x00000000e8000000)
 ParOldGen       total 90112K, used 39975K [0x0000000080000000, 0x0000000085800000, 0x00000000d5580000)
  object space 90112K, 44% used [0x0000000080000000,0x0000000082709d48,0x0000000085800000)
 Metaspace       used 72190K, capacity 75296K, committed 75480K, reserved 1114112K
  class space    used 9776K, capacity 10413K, committed 10496K, reserved 1048576K
}
Event: 260.802 GC heap before
{Heap before GC invocations=18 (full 3):
 PSYoungGen      total 301568K, used 300578K [0x00000000d5580000, 0x00000000ea000000, 0x0000000100000000)
  eden space 275968K, 100% used [0x00000000d5580000,0x00000000e6300000,0x00000000e6300000)
  from space 25600K, 96% used [0x00000000e8000000,0x00000000e9808ba0,0x00000000e9900000)
  to   space 29696K, 0% used [0x00000000e6300000,0x00000000e6300000,0x00000000e8000000)
 ParOldGen       total 90112K, used 39975K [0x0000000080000000, 0x0000000085800000, 0x00000000d5580000)
  object space 90112K, 44% used [0x0000000080000000,0x0000000082709d48,0x0000000085800000)
 Metaspace       used 78525K, capacity 81822K, committed 82136K, reserved 1120256K
  class space    used 10499K, capacity 11157K, committed 11264K, reserved 1048576K
Event: 261.531 GC heap after
Heap after GC invocations=18 (full 3):
 PSYoungGen      total 305664K, used 29689K [0x00000000d5580000, 0x00000000ee200000, 0x0000000100000000)
  eden space 275968K, 0% used [0x00000000d5580000,0x00000000d5580000,0x00000000e6300000)
  from space 29696K, 99% used [0x00000000e6300000,0x00000000e7ffe530,0x00000000e8000000)
  to   space 37376K, 0% used [0x00000000ebd80000,0x00000000ebd80000,0x00000000ee200000)
 ParOldGen       total 90112K, used 47764K [0x0000000080000000, 0x0000000085800000, 0x00000000d5580000)
  object space 90112K, 53% used [0x0000000080000000,0x0000000082ea53c0,0x0000000085800000)
 Metaspace       used 78525K, capacity 81822K, committed 82136K, reserved 1120256K
  class space    used 10499K, capacity 11157K, committed 11264K, reserved 1048576K
}

